FW_data Time 0.0510 sec
FW_conv1 Time 0.0033 sec
FW_bn_conv1 Time 0.0052 sec
FW_conv1_relu Time 0.0023 sec
FW_pool1 Time 0.0023 sec
FW_pool1_pool1_0_split Time 0.0000 sec
FW_res2a_branch1 Time 0.0029 sec
FW_bn2a_branch1 Time 0.0051 sec
FW_res2a_branch2a Time 0.0009 sec
FW_bn2a_branch2a Time 0.0011 sec
FW_res2a_branch2a_relu Time 0.0004 sec
FW_res2a_branch2b Time 0.0031 sec
FW_bn2a_branch2b Time 0.0013 sec
FW_res2a_branch2b_relu Time 0.0004 sec
FW_res2a_branch2c Time 0.0029 sec
FW_bn2a_branch2c Time 0.0052 sec
FW_res2a Time 0.0349 sec
FW_res2a_relu Time 0.0012 sec
FW_res2a_res2a_relu_0_split Time 0.0000 sec
FW_res2b_branch2a Time 0.0173 sec
FW_bn2b_branch2a Time 0.0012 sec
FW_res2b_branch2a_relu Time 0.0004 sec
FW_res2b_branch2b Time 0.0038 sec
FW_bn2b_branch2b Time 0.0013 sec
FW_res2b_branch2b_relu Time 0.0004 sec
FW_res2b_branch2c Time 0.0028 sec
FW_bn2b_branch2c Time 0.0052 sec
FW_res2b Time 0.0270 sec
FW_res2b_relu Time 0.0006 sec
FW_res2b_res2b_relu_0_split Time 0.0000 sec
FW_res2c_branch2a Time 0.0179 sec
FW_bn2c_branch2a Time 0.0011 sec
FW_res2c_branch2a_relu Time 0.0004 sec
FW_res2c_branch2b Time 0.0037 sec
FW_bn2c_branch2b Time 0.0012 sec
FW_res2c_branch2b_relu Time 0.0005 sec
FW_res2c_branch2c Time 0.0029 sec
FW_bn2c_branch2c Time 0.0051 sec
FW_res2c Time 0.0291 sec
FW_res2c_relu Time 0.0006 sec
FW_res2c_res2c_relu_0_split Time 0.0000 sec
FW_res3a_branch1 Time 0.0285 sec
FW_bn3a_branch1 Time 0.0026 sec
FW_res3a_branch2a Time 0.0183 sec
FW_bn3a_branch2a Time 0.0006 sec
FW_res3a_branch2a_relu Time 0.0003 sec
FW_res3a_branch2b Time 0.0029 sec
FW_bn3a_branch2b Time 0.0007 sec
FW_res3a_branch2b_relu Time 0.0002 sec
FW_res3a_branch2c Time 0.0018 sec
FW_bn3a_branch2c Time 0.0026 sec
FW_res3a Time 0.0183 sec
FW_res3a_relu Time 0.0007 sec
FW_res3a_res3a_relu_0_split Time 0.0000 sec
FW_res3b_branch2a Time 0.0095 sec
FW_bn3b_branch2a Time 0.0006 sec
FW_res3b_branch2a_relu Time 0.0002 sec
FW_res3b_branch2b Time 0.0032 sec
FW_bn3b_branch2b Time 0.0007 sec
FW_res3b_branch2b_relu Time 0.0002 sec
FW_res3b_branch2c Time 0.0016 sec
FW_bn3b_branch2c Time 0.0026 sec
FW_res3b Time 0.0142 sec
FW_res3b_relu Time 0.0003 sec
FW_res3b_res3b_relu_0_split Time 0.0000 sec
FW_res3c_branch2a Time 0.0097 sec
FW_bn3c_branch2a Time 0.0006 sec
FW_res3c_branch2a_relu Time 0.0003 sec
FW_res3c_branch2b Time 0.0031 sec
FW_bn3c_branch2b Time 0.0007 sec
FW_res3c_branch2b_relu Time 0.0002 sec
FW_res3c_branch2c Time 0.0017 sec
FW_bn3c_branch2c Time 0.0027 sec
FW_res3c Time 0.0145 sec
FW_res3c_relu Time 0.0003 sec
FW_res3c_res3c_relu_0_split Time 0.0000 sec
FW_res3d_branch2a Time 0.0095 sec
FW_bn3d_branch2a Time 0.0006 sec
FW_res3d_branch2a_relu Time 0.0002 sec
FW_res3d_branch2b Time 0.0031 sec
FW_bn3d_branch2b Time 0.0007 sec
FW_res3d_branch2b_relu Time 0.0004 sec
FW_res3d_branch2c Time 0.0017 sec
FW_bn3d_branch2c Time 0.0026 sec
FW_res3d Time 0.0142 sec
FW_res3d_relu Time 0.0004 sec
FW_res3d_res3d_relu_0_split Time 0.0000 sec
FW_res3e_branch2a Time 0.0096 sec
FW_bn3e_branch2a Time 0.0006 sec
FW_res3e_branch2a_relu Time 0.0002 sec
FW_res3e_branch2b Time 0.0031 sec
FW_bn3e_branch2b Time 0.0007 sec
FW_res3e_branch2b_relu Time 0.0002 sec
FW_res3e_branch2c Time 0.0018 sec
FW_bn3e_branch2c Time 0.0027 sec
FW_res3e Time 0.0143 sec
FW_res3e_relu Time 0.0004 sec
FW_res3e_res3e_relu_0_split Time 0.0000 sec
FW_res3f_branch2a Time 0.0095 sec
FW_bn3f_branch2a Time 0.0006 sec
FW_res3f_branch2a_relu Time 0.0002 sec
FW_res3f_branch2b Time 0.0032 sec
FW_bn3f_branch2b Time 0.0007 sec
FW_res3f_branch2b_relu Time 0.0003 sec
FW_res3f_branch2c Time 0.0017 sec
FW_bn3f_branch2c Time 0.0124 sec
FW_res3f Time 0.0144 sec
FW_res3f_relu Time 0.0003 sec
FW_res3f_res3f_relu_0_split Time 0.0000 sec
FW_res3g_branch2a Time 0.0098 sec
FW_bn3g_branch2a Time 0.0006 sec
FW_res3g_branch2a_relu Time 0.0002 sec
FW_res3g_branch2b Time 0.0032 sec
FW_bn3g_branch2b Time 0.0007 sec
FW_res3g_branch2b_relu Time 0.0002 sec
FW_res3g_branch2c Time 0.0019 sec
FW_bn3g_branch2c Time 0.0027 sec
FW_res3g Time 0.0145 sec
FW_res3g_relu Time 0.0004 sec
FW_res3g_res3g_relu_0_split Time 0.0000 sec
FW_res3h_branch2a Time 0.0096 sec
FW_bn3h_branch2a Time 0.0007 sec
FW_res3h_branch2a_relu Time 0.0002 sec
FW_res3h_branch2b Time 0.0031 sec
FW_bn3h_branch2b Time 0.0007 sec
FW_res3h_branch2b_relu Time 0.0002 sec
FW_res3h_branch2c Time 0.0018 sec
FW_bn3h_branch2c Time 0.0027 sec
FW_res3h Time 0.0144 sec
FW_res3h_relu Time 0.0005 sec
FW_res3h_res3h_relu_0_split Time 0.0000 sec
FW_res4a_branch1 Time 0.0231 sec
FW_bn4a_branch1 Time 0.0014 sec
FW_res4a_branch2a Time 0.0121 sec
FW_bn4a_branch2a Time 0.0005 sec
FW_res4a_branch2a_relu Time 0.0001 sec
FW_res4a_branch2b Time 0.0038 sec
FW_bn4a_branch2b Time 0.0005 sec
FW_res4a_branch2b_relu Time 0.0002 sec
FW_res4a_branch2c Time 0.0018 sec
FW_bn4a_branch2c Time 0.0014 sec
FW_res4a Time 0.0105 sec
FW_res4a_relu Time 0.0003 sec
FW_res4a_res4a_relu_0_split Time 0.0000 sec
FW_res4b_branch2a Time 0.0070 sec
FW_bn4b_branch2a Time 0.0005 sec
FW_res4b_branch2a_relu Time 0.0001 sec
FW_res4b_branch2b Time 0.0044 sec
FW_bn4b_branch2b Time 0.0004 sec
FW_res4b_branch2b_relu Time 0.0001 sec
FW_res4b_branch2c Time 0.0016 sec
FW_bn4b_branch2c Time 0.0014 sec
FW_res4b Time 0.0077 sec
FW_res4b_relu Time 0.0002 sec
FW_res4b_res4b_relu_0_split Time 0.0000 sec
FW_res4c_branch2a Time 0.0070 sec
FW_bn4c_branch2a Time 0.0005 sec
FW_res4c_branch2a_relu Time 0.0002 sec
FW_res4c_branch2b Time 0.0045 sec
FW_bn4c_branch2b Time 0.0004 sec
FW_res4c_branch2b_relu Time 0.0001 sec
FW_res4c_branch2c Time 0.0021 sec
FW_bn4c_branch2c Time 0.0015 sec
FW_res4c Time 0.0080 sec
FW_res4c_relu Time 0.0002 sec
FW_res4c_res4c_relu_0_split Time 0.0000 sec
FW_res4d_branch2a Time 0.0064 sec
FW_bn4d_branch2a Time 0.0004 sec
FW_res4d_branch2a_relu Time 0.0002 sec
FW_res4d_branch2b Time 0.0039 sec
FW_bn4d_branch2b Time 0.0004 sec
FW_res4d_branch2b_relu Time 0.0001 sec
FW_res4d_branch2c Time 0.0020 sec
FW_bn4d_branch2c Time 0.0015 sec
FW_res4d Time 0.0077 sec
FW_res4d_relu Time 0.0002 sec
FW_res4d_res4d_relu_0_split Time 0.0000 sec
FW_res4e_branch2a Time 0.0076 sec
FW_bn4e_branch2a Time 0.0004 sec
FW_res4e_branch2a_relu Time 0.0001 sec
FW_res4e_branch2b Time 0.0045 sec
FW_bn4e_branch2b Time 0.0004 sec
FW_res4e_branch2b_relu Time 0.0002 sec
FW_res4e_branch2c Time 0.0018 sec
FW_bn4e_branch2c Time 0.0015 sec
FW_res4e Time 0.0077 sec
FW_res4e_relu Time 0.0002 sec
FW_res4e_res4e_relu_0_split Time 0.0000 sec
FW_res4f_branch2a Time 0.0071 sec
FW_bn4f_branch2a Time 0.0005 sec
FW_res4f_branch2a_relu Time 0.0002 sec
FW_res4f_branch2b Time 0.0037 sec
FW_bn4f_branch2b Time 0.0005 sec
FW_res4f_branch2b_relu Time 0.0001 sec
FW_res4f_branch2c Time 0.0017 sec
FW_bn4f_branch2c Time 0.0015 sec
FW_res4f Time 0.0078 sec
FW_res4f_relu Time 0.0002 sec
FW_res4f_res4f_relu_0_split Time 0.0000 sec
FW_res4g_branch2a Time 0.0069 sec
FW_bn4g_branch2a Time 0.0004 sec
FW_res4g_branch2a_relu Time 0.0002 sec
FW_res4g_branch2b Time 0.0039 sec
FW_bn4g_branch2b Time 0.0005 sec
FW_res4g_branch2b_relu Time 0.0001 sec
FW_res4g_branch2c Time 0.0018 sec
FW_bn4g_branch2c Time 0.0015 sec
FW_res4g Time 0.0076 sec
FW_res4g_relu Time 0.0002 sec
FW_res4g_res4g_relu_0_split Time 0.0000 sec
FW_res4h_branch2a Time 0.0066 sec
FW_bn4h_branch2a Time 0.0004 sec
FW_res4h_branch2a_relu Time 0.0001 sec
FW_res4h_branch2b Time 0.0038 sec
FW_bn4h_branch2b Time 0.0004 sec
FW_res4h_branch2b_relu Time 0.0001 sec
FW_res4h_branch2c Time 0.0019 sec
FW_bn4h_branch2c Time 0.0014 sec
FW_res4h Time 0.0076 sec
FW_res4h_relu Time 0.0003 sec
FW_res4h_res4h_relu_0_split Time 0.0000 sec
FW_res4i_branch2a Time 0.0064 sec
FW_bn4i_branch2a Time 0.0005 sec
FW_res4i_branch2a_relu Time 0.0001 sec
FW_res4i_branch2b Time 0.0038 sec
FW_bn4i_branch2b Time 0.0004 sec
FW_res4i_branch2b_relu Time 0.0001 sec
FW_res4i_branch2c Time 0.0019 sec
FW_bn4i_branch2c Time 0.0014 sec
FW_res4i Time 0.0076 sec
FW_res4i_relu Time 0.0002 sec
FW_res4i_res4i_relu_0_split Time 0.0000 sec
FW_res4j_branch2a Time 0.0068 sec
FW_bn4j_branch2a Time 0.0004 sec
FW_res4j_branch2a_relu Time 0.0001 sec
FW_res4j_branch2b Time 0.0037 sec
FW_bn4j_branch2b Time 0.0004 sec
FW_res4j_branch2b_relu Time 0.0001 sec
FW_res4j_branch2c Time 0.0018 sec
FW_bn4j_branch2c Time 0.0015 sec
FW_res4j Time 0.0076 sec
FW_res4j_relu Time 0.0005 sec
FW_res4j_res4j_relu_0_split Time 0.0000 sec
FW_res4k_branch2a Time 0.0076 sec
FW_bn4k_branch2a Time 0.0004 sec
FW_res4k_branch2a_relu Time 0.0001 sec
FW_res4k_branch2b Time 0.0037 sec
FW_bn4k_branch2b Time 0.0004 sec
FW_res4k_branch2b_relu Time 0.0001 sec
FW_res4k_branch2c Time 0.0015 sec
FW_bn4k_branch2c Time 0.0014 sec
FW_res4k Time 0.0076 sec
FW_res4k_relu Time 0.0002 sec
FW_res4k_res4k_relu_0_split Time 0.0000 sec
FW_res4l_branch2a Time 0.0069 sec
FW_bn4l_branch2a Time 0.0004 sec
FW_res4l_branch2a_relu Time 0.0002 sec
FW_res4l_branch2b Time 0.0040 sec
FW_bn4l_branch2b Time 0.0005 sec
FW_res4l_branch2b_relu Time 0.0001 sec
FW_res4l_branch2c Time 0.0019 sec
FW_bn4l_branch2c Time 0.0014 sec
FW_res4l Time 0.0077 sec
FW_res4l_relu Time 0.0002 sec
FW_res4l_res4l_relu_0_split Time 0.0000 sec
FW_res4m_branch2a Time 0.0064 sec
FW_bn4m_branch2a Time 0.0006 sec
FW_res4m_branch2a_relu Time 0.0001 sec
FW_res4m_branch2b Time 0.0037 sec
FW_bn4m_branch2b Time 0.0005 sec
FW_res4m_branch2b_relu Time 0.0001 sec
FW_res4m_branch2c Time 0.0019 sec
FW_bn4m_branch2c Time 0.0014 sec
FW_res4m Time 0.0077 sec
FW_res4m_relu Time 0.0002 sec
FW_res4m_res4m_relu_0_split Time 0.0000 sec
FW_res4n_branch2a Time 0.0064 sec
FW_bn4n_branch2a Time 0.0006 sec
FW_res4n_branch2a_relu Time 0.0002 sec
FW_res4n_branch2b Time 0.0037 sec
FW_bn4n_branch2b Time 0.0005 sec
FW_res4n_branch2b_relu Time 0.0001 sec
FW_res4n_branch2c Time 0.0020 sec
FW_bn4n_branch2c Time 0.0014 sec
FW_res4n Time 0.0076 sec
FW_res4n_relu Time 0.0002 sec
FW_res4n_res4n_relu_0_split Time 0.0000 sec
FW_res4o_branch2a Time 0.0067 sec
FW_bn4o_branch2a Time 0.0006 sec
FW_res4o_branch2a_relu Time 0.0001 sec
FW_res4o_branch2b Time 0.0038 sec
FW_bn4o_branch2b Time 0.0006 sec
FW_res4o_branch2b_relu Time 0.0001 sec
FW_res4o_branch2c Time 0.0016 sec
FW_bn4o_branch2c Time 0.0014 sec
FW_res4o Time 0.0078 sec
FW_res4o_relu Time 0.0003 sec
FW_res4o_res4o_relu_0_split Time 0.0000 sec
FW_res4p_branch2a Time 0.0068 sec
FW_bn4p_branch2a Time 0.0006 sec
FW_res4p_branch2a_relu Time 0.0001 sec
FW_res4p_branch2b Time 0.0037 sec
FW_bn4p_branch2b Time 0.0006 sec
FW_res4p_branch2b_relu Time 0.0001 sec
FW_res4p_branch2c Time 0.0015 sec
FW_bn4p_branch2c Time 0.0014 sec
FW_res4p Time 0.0076 sec
FW_res4p_relu Time 0.0002 sec
FW_res4p_res4p_relu_0_split Time 0.0000 sec
FW_res4q_branch2a Time 0.0067 sec
FW_bn4q_branch2a Time 0.0004 sec
FW_res4q_branch2a_relu Time 0.0001 sec
FW_res4q_branch2b Time 0.0038 sec
FW_bn4q_branch2b Time 0.0004 sec
FW_res4q_branch2b_relu Time 0.0001 sec
FW_res4q_branch2c Time 0.0019 sec
FW_bn4q_branch2c Time 0.0014 sec
FW_res4q Time 0.0076 sec
FW_res4q_relu Time 0.0002 sec
FW_res4q_res4q_relu_0_split Time 0.0000 sec
FW_res4r_branch2a Time 0.0064 sec
FW_bn4r_branch2a Time 0.0006 sec
FW_res4r_branch2a_relu Time 0.0001 sec
FW_res4r_branch2b Time 0.0037 sec
FW_bn4r_branch2b Time 0.0006 sec
FW_res4r_branch2b_relu Time 0.0001 sec
FW_res4r_branch2c Time 0.0019 sec
FW_bn4r_branch2c Time 0.0014 sec
FW_res4r Time 0.0084 sec
FW_res4r_relu Time 0.0002 sec
FW_res4r_res4r_relu_0_split Time 0.0000 sec
FW_res4s_branch2a Time 0.0064 sec
FW_bn4s_branch2a Time 0.0004 sec
FW_res4s_branch2a_relu Time 0.0001 sec
FW_res4s_branch2b Time 0.0038 sec
FW_bn4s_branch2b Time 0.0006 sec
FW_res4s_branch2b_relu Time 0.0001 sec
FW_res4s_branch2c Time 0.0020 sec
FW_bn4s_branch2c Time 0.0014 sec
FW_res4s Time 0.0077 sec
FW_res4s_relu Time 0.0002 sec
FW_res4s_res4s_relu_0_split Time 0.0000 sec
FW_res4t_branch2a Time 0.0067 sec
FW_bn4t_branch2a Time 0.0004 sec
FW_res4t_branch2a_relu Time 0.0002 sec
FW_res4t_branch2b Time 0.0037 sec
FW_bn4t_branch2b Time 0.0006 sec
FW_res4t_branch2b_relu Time 0.0001 sec
FW_res4t_branch2c Time 0.0016 sec
FW_bn4t_branch2c Time 0.0014 sec
FW_res4t Time 0.0077 sec
FW_res4t_relu Time 0.0002 sec
FW_res4t_res4t_relu_0_split Time 0.0000 sec
FW_res4u_branch2a Time 0.0068 sec
FW_bn4u_branch2a Time 0.0004 sec
FW_res4u_branch2a_relu Time 0.0001 sec
FW_res4u_branch2b Time 0.0038 sec
FW_bn4u_branch2b Time 0.0006 sec
FW_res4u_branch2b_relu Time 0.0001 sec
FW_res4u_branch2c Time 0.0015 sec
FW_bn4u_branch2c Time 0.0014 sec
FW_res4u Time 0.0076 sec
FW_res4u_relu Time 0.0005 sec
FW_res4u_res4u_relu_0_split Time 0.0000 sec
FW_res4v_branch2a Time 0.0067 sec
FW_bn4v_branch2a Time 0.0004 sec
FW_res4v_branch2a_relu Time 0.0001 sec
FW_res4v_branch2b Time 0.0038 sec
FW_bn4v_branch2b Time 0.0004 sec
FW_res4v_branch2b_relu Time 0.0001 sec
FW_res4v_branch2c Time 0.0019 sec
FW_bn4v_branch2c Time 0.0014 sec
FW_res4v Time 0.0077 sec
FW_res4v_relu Time 0.0002 sec
FW_res4v_res4v_relu_0_split Time 0.0000 sec
FW_res4w_branch2a Time 0.0064 sec
FW_bn4w_branch2a Time 0.0004 sec
FW_res4w_branch2a_relu Time 0.0001 sec
FW_res4w_branch2b Time 0.0037 sec
FW_bn4w_branch2b Time 0.0004 sec
FW_res4w_branch2b_relu Time 0.0001 sec
FW_res4w_branch2c Time 0.0018 sec
FW_bn4w_branch2c Time 0.0014 sec
FW_res4w Time 0.0077 sec
FW_res4w_relu Time 0.0005 sec
FW_res4w_res4w_relu_0_split Time 0.0000 sec
FW_res4x_branch2a Time 0.0066 sec
FW_bn4x_branch2a Time 0.0004 sec
FW_res4x_branch2a_relu Time 0.0001 sec
FW_res4x_branch2b Time 0.0038 sec
FW_bn4x_branch2b Time 0.0004 sec
FW_res4x_branch2b_relu Time 0.0001 sec
FW_res4x_branch2c Time 0.0019 sec
FW_bn4x_branch2c Time 0.0015 sec
FW_res4x Time 0.0078 sec
FW_res4x_relu Time 0.0002 sec
FW_res4x_res4x_relu_0_split Time 0.0000 sec
FW_res4y_branch2a Time 0.0068 sec
FW_bn4y_branch2a Time 0.0004 sec
FW_res4y_branch2a_relu Time 0.0001 sec
FW_res4y_branch2b Time 0.0037 sec
FW_bn4y_branch2b Time 0.0005 sec
FW_res4y_branch2b_relu Time 0.0001 sec
FW_res4y_branch2c Time 0.0015 sec
FW_bn4y_branch2c Time 0.0014 sec
FW_res4y Time 0.0076 sec
FW_res4y_relu Time 0.0002 sec
FW_res4y_res4y_relu_0_split Time 0.0000 sec
FW_res4z_branch2a Time 0.0067 sec
FW_bn4z_branch2a Time 0.0004 sec
FW_res4z_branch2a_relu Time 0.0003 sec
FW_res4z_branch2b Time 0.0038 sec
FW_bn4z_branch2b Time 0.0004 sec
FW_res4z_branch2b_relu Time 0.0001 sec
FW_res4z_branch2c Time 0.0016 sec
FW_bn4z_branch2c Time 0.0015 sec
FW_res4z Time 0.0099 sec
FW_res4z_relu Time 0.0002 sec
FW_res4z_res4z_relu_0_split Time 0.0000 sec
FW_res4A_branch2a Time 0.0067 sec
FW_bn4A_branch2a Time 0.0004 sec
FW_res4A_branch2a_relu Time 0.0001 sec
FW_res4A_branch2b Time 0.0038 sec
FW_bn4A_branch2b Time 0.0005 sec
FW_res4A_branch2b_relu Time 0.0001 sec
FW_res4A_branch2c Time 0.0019 sec
FW_bn4A_branch2c Time 0.0014 sec
FW_res4A Time 0.0076 sec
FW_res4A_relu Time 0.0003 sec
FW_res4A_res4A_relu_0_split Time 0.0000 sec
FW_res4B_branch2a Time 0.0063 sec
FW_bn4B_branch2a Time 0.0005 sec
FW_res4B_branch2a_relu Time 0.0001 sec
FW_res4B_branch2b Time 0.0038 sec
FW_bn4B_branch2b Time 0.0005 sec
FW_res4B_branch2b_relu Time 0.0002 sec
FW_res4B_branch2c Time 0.0019 sec
FW_bn4B_branch2c Time 0.0014 sec
FW_res4B Time 0.0077 sec
FW_res4B_relu Time 0.0003 sec
FW_res4B_res4B_relu_0_split Time 0.0000 sec
FW_res4C_branch2a Time 0.0067 sec
FW_bn4C_branch2a Time 0.0004 sec
FW_res4C_branch2a_relu Time 0.0001 sec
FW_res4C_branch2b Time 0.0038 sec
FW_bn4C_branch2b Time 0.0005 sec
FW_res4C_branch2b_relu Time 0.0002 sec
FW_res4C_branch2c Time 0.0018 sec
FW_bn4C_branch2c Time 0.0014 sec
FW_res4C Time 0.0078 sec
FW_res4C_relu Time 0.0002 sec
FW_res4C_res4C_relu_0_split Time 0.0000 sec
FW_res4D_branch2a Time 0.0068 sec
FW_bn4D_branch2a Time 0.0004 sec
FW_res4D_branch2a_relu Time 0.0001 sec
FW_res4D_branch2b Time 0.0038 sec
FW_bn4D_branch2b Time 0.0004 sec
FW_res4D_branch2b_relu Time 0.0003 sec
FW_res4D_branch2c Time 0.0015 sec
FW_bn4D_branch2c Time 0.0015 sec
FW_res4D Time 0.0077 sec
FW_res4D_relu Time 0.0002 sec
FW_res4D_res4D_relu_0_split Time 0.0000 sec
FW_res4E_branch2a Time 0.0068 sec
FW_bn4E_branch2a Time 0.0004 sec
FW_res4E_branch2a_relu Time 0.0001 sec
FW_res4E_branch2b Time 0.0038 sec
FW_bn4E_branch2b Time 0.0005 sec
FW_res4E_branch2b_relu Time 0.0001 sec
FW_res4E_branch2c Time 0.0019 sec
FW_bn4E_branch2c Time 0.0014 sec
FW_res4E Time 0.0077 sec
FW_res4E_relu Time 0.0002 sec
FW_res4E_res4E_relu_0_split Time 0.0000 sec
FW_res4F_branch2a Time 0.0066 sec
FW_bn4F_branch2a Time 0.0004 sec
FW_res4F_branch2a_relu Time 0.0001 sec
FW_res4F_branch2b Time 0.0038 sec
FW_bn4F_branch2b Time 0.0005 sec
FW_res4F_branch2b_relu Time 0.0001 sec
FW_res4F_branch2c Time 0.0019 sec
FW_bn4F_branch2c Time 0.0014 sec
FW_res4F Time 0.0076 sec
FW_res4F_relu Time 0.0003 sec
FW_res4F_res4F_relu_0_split Time 0.0000 sec
FW_res4G_branch2a Time 0.0064 sec
FW_bn4G_branch2a Time 0.0006 sec
FW_res4G_branch2a_relu Time 0.0001 sec
FW_res4G_branch2b Time 0.0038 sec
FW_bn4G_branch2b Time 0.0005 sec
FW_res4G_branch2b_relu Time 0.0001 sec
FW_res4G_branch2c Time 0.0020 sec
FW_bn4G_branch2c Time 0.0014 sec
FW_res4G Time 0.0077 sec
FW_res4G_relu Time 0.0002 sec
FW_res4G_res4G_relu_0_split Time 0.0000 sec
FW_res4H_branch2a Time 0.0067 sec
FW_bn4H_branch2a Time 0.0006 sec
FW_res4H_branch2a_relu Time 0.0001 sec
FW_res4H_branch2b Time 0.0037 sec
FW_bn4H_branch2b Time 0.0005 sec
FW_res4H_branch2b_relu Time 0.0001 sec
FW_res4H_branch2c Time 0.0018 sec
FW_bn4H_branch2c Time 0.0015 sec
FW_res4e Time 0.0077 sec
FW_res4H_relu Time 0.0002 sec
FW_res4H_res4H_relu_0_split Time 0.0000 sec
FW_res4I_branch2a Time 0.0068 sec
FW_bn4I_branch2a Time 0.0006 sec
FW_res4I_branch2a_relu Time 0.0001 sec
FW_res4I_branch2b Time 0.0038 sec
FW_bn4I_branch2b Time 0.0005 sec
FW_res4I_branch2b_relu Time 0.0001 sec
FW_res4I_branch2c Time 0.0015 sec
FW_bn4I_branch2c Time 0.0014 sec
FW_res4I Time 0.0077 sec
FW_res4I_relu Time 0.0002 sec
FW_res4I_res4I_relu_0_split Time 0.0000 sec
FW_res4J_branch2a Time 0.0068 sec
FW_bn4J_branch2a Time 0.0006 sec
FW_res4J_branch2a_relu Time 0.0001 sec
FW_res4J_branch2b Time 0.0038 sec
FW_bn4J_branch2b Time 0.0006 sec
FW_res4J_branch2b_relu Time 0.0002 sec
FW_res4J_branch2c Time 0.0019 sec
FW_bn4J_branch2c Time 0.0014 sec
FW_res4J Time 0.0077 sec
FW_res4J_relu Time 0.0002 sec
FW_res4J_res4J_relu_0_split Time 0.0000 sec
FW_res5a_branch1 Time 0.0299 sec
FW_bn5a_branch1 Time 0.0009 sec
FW_res5a_branch2a Time 0.0111 sec
FW_bn5a_branch2a Time 0.0003 sec
FW_res5a_branch2a_relu Time 0.0001 sec
FW_res5a_branch2b Time 0.0086 sec
FW_bn5a_branch2b Time 0.0003 sec
FW_res5a_branch2b_relu Time 0.0001 sec
FW_res5a_branch2c Time 0.0027 sec
FW_bn5a_branch2c Time 0.0010 sec
FW_res5a Time 0.0049 sec
FW_res5a_relu Time 0.0001 sec
FW_res5a_res5a_relu_0_split Time 0.0000 sec
FW_res5b_branch2a Time 0.0047 sec
FW_bn5b_branch2a Time 0.0003 sec
FW_res5b_branch2a_relu Time 0.0001 sec
FW_res5b_branch2b Time 0.0086 sec
FW_bn5b_branch2b Time 0.0003 sec
FW_res5b_branch2b_relu Time 0.0001 sec
FW_res5b_branch2c Time 0.0021 sec
FW_bn5b_branch2c Time 0.0012 sec
FW_res5b Time 0.0038 sec
FW_res5b_relu Time 0.0001 sec
FW_res5b_res5b_relu_0_split Time 0.0000 sec
FW_res5c_branch2a Time 0.0057 sec
FW_bn5c_branch2a Time 0.0004 sec
FW_res5c_branch2a_relu Time 0.0001 sec
FW_res5c_branch2b Time 0.0090 sec
FW_bn5c_branch2b Time 0.0003 sec
FW_res5c_branch2b_relu Time 0.0001 sec
FW_res5c_branch2c Time 0.0023 sec
FW_bn5c_branch2c Time 0.0012 sec
FW_res5c Time 0.0037 sec
FW_res5c_relu Time 0.0001 sec
FW_pool5 Time 0.0018 sec
FW_fc1000 Time 0.0006 sec
FW_prob Time 0.0005 sec
BW_prob Time 0.0001 sec
BW_fc1000 Time 0.0011 sec
BW_pool5 Time 0.0028 sec
BW_res5c_relu Time 0.0002 sec
BW_res5c Time 0.0000 sec
BW_bn5c_branch2c Time 0.1748 sec
BW_res5c_branch2c Time 0.0409 sec
BW_res5c_branch2b_relu Time 0.0002 sec
BW_bn5c_branch2b Time 0.0004 sec
BW_res5c_branch2b Time 0.0774 sec
BW_res5c_branch2a_relu Time 0.0003 sec
BW_bn5c_branch2a Time 0.0005 sec
BW_res5c_branch2a Time 0.0387 sec
BW_res5b_res5b_relu_0_split Time 0.0039 sec
BW_res5b_relu Time 0.0003 sec
BW_res5b Time 0.0000 sec
BW_bn5b_branch2c Time 0.0012 sec
BW_res5b_branch2c Time 0.0362 sec
BW_res5b_branch2b_relu Time 0.0002 sec
BW_bn5b_branch2b Time 0.0004 sec
BW_res5b_branch2b Time 0.0770 sec
BW_res5b_branch2a_relu Time 0.0002 sec
BW_bn5b_branch2a Time 0.0005 sec
BW_res5b_branch2a Time 0.0387 sec
BW_res5a_res5a_relu_0_split Time 0.0055 sec
BW_res5a_relu Time 0.0004 sec
BW_res5a Time 0.0000 sec
BW_bn5a_branch2c Time 0.0012 sec
BW_res5a_branch2c Time 0.0357 sec
BW_res5a_branch2b_relu Time 0.0002 sec
BW_bn5a_branch2b Time 0.0004 sec
BW_res5a_branch2b Time 0.0786 sec
BW_res5a_branch2a_relu Time 0.0003 sec
BW_bn5a_branch2a Time 0.0005 sec
BW_res5a_branch2a Time 0.0827 sec
BW_bn5a_branch1 Time 0.0015 sec
BW_res5a_branch1 Time 0.1799 sec
BW_res4J_res4J_relu_0_split Time 0.0109 sec
BW_res4J_relu Time 0.0006 sec
BW_res4J Time 0.0000 sec
BW_bn4J_branch2c Time 0.3375 sec
BW_res4J_branch2c Time 0.3781 sec
BW_res4J_branch2b_relu Time 0.0003 sec
BW_bn4J_branch2b Time 0.0005 sec
BW_res4J_branch2b Time 0.0227 sec
BW_res4J_branch2a_relu Time 0.0003 sec
BW_bn4J_branch2a Time 0.0005 sec
BW_res4J_branch2a Time 0.0163 sec
BW_res4I_res4I_relu_0_split Time 0.1935 sec
BW_res4I_relu Time 0.0006 sec
BW_res4I Time 0.0000 sec
BW_bn4I_branch2c Time 0.0019 sec
BW_res4I_branch2c Time 0.0120 sec
BW_res4I_branch2b_relu Time 0.0003 sec
BW_bn4I_branch2b Time 0.0005 sec
BW_res4I_branch2b Time 0.0237 sec
BW_res4I_branch2a_relu Time 0.0003 sec
BW_bn4I_branch2a Time 0.0005 sec
BW_res4I_branch2a Time 0.0165 sec
BW_res4H_res4H_relu_0_split Time 0.0111 sec
BW_res4H_relu Time 0.0007 sec
BW_res4e Time 0.0000 sec
BW_bn4H_branch2c Time 0.0019 sec
BW_res4H_branch2c Time 0.0120 sec
BW_res4H_branch2b_relu Time 0.0003 sec
BW_bn4H_branch2b Time 0.0005 sec
BW_res4H_branch2b Time 0.0243 sec
BW_res4H_branch2a_relu Time 0.0003 sec
BW_bn4H_branch2a Time 0.0005 sec
BW_res4H_branch2a Time 0.0168 sec
BW_res4G_res4G_relu_0_split Time 0.0111 sec
BW_res4G_relu Time 0.0007 sec
BW_res4G Time 0.0000 sec
BW_bn4G_branch2c Time 0.0019 sec
BW_res4G_branch2c Time 0.0126 sec
BW_res4G_branch2b_relu Time 0.0004 sec
BW_bn4G_branch2b Time 0.0005 sec
BW_res4G_branch2b Time 0.0239 sec
BW_res4G_branch2a_relu Time 0.0004 sec
BW_bn4G_branch2a Time 0.0005 sec
BW_res4G_branch2a Time 0.0170 sec
BW_res4F_res4F_relu_0_split Time 0.0112 sec
BW_res4F_relu Time 0.0007 sec
BW_res4F Time 0.0000 sec
BW_bn4F_branch2c Time 0.0019 sec
BW_res4F_branch2c Time 0.0123 sec
BW_res4F_branch2b_relu Time 0.0003 sec
BW_bn4F_branch2b Time 0.0005 sec
BW_res4F_branch2b Time 0.0245 sec
BW_res4F_branch2a_relu Time 0.0003 sec
BW_bn4F_branch2a Time 0.0006 sec
BW_res4F_branch2a Time 0.0174 sec
BW_res4E_res4E_relu_0_split Time 0.0111 sec
BW_res4E_relu Time 0.0007 sec
BW_res4E Time 0.0000 sec
BW_bn4E_branch2c Time 0.0019 sec
BW_res4E_branch2c Time 0.0123 sec
BW_res4E_branch2b_relu Time 0.0004 sec
BW_bn4E_branch2b Time 0.0005 sec
BW_res4E_branch2b Time 0.0240 sec
BW_res4E_branch2a_relu Time 0.0004 sec
BW_bn4E_branch2a Time 0.0005 sec
BW_res4E_branch2a Time 0.0170 sec
BW_res4D_res4D_relu_0_split Time 0.0111 sec
BW_res4D_relu Time 0.0007 sec
BW_res4D Time 0.0000 sec
BW_bn4D_branch2c Time 0.0019 sec
BW_res4D_branch2c Time 0.0123 sec
BW_res4D_branch2b_relu Time 0.0004 sec
BW_bn4D_branch2b Time 0.0005 sec
BW_res4D_branch2b Time 0.0234 sec
BW_res4D_branch2a_relu Time 0.0004 sec
BW_bn4D_branch2a Time 0.0006 sec
BW_res4D_branch2a Time 0.0169 sec
BW_res4C_res4C_relu_0_split Time 0.0111 sec
BW_res4C_relu Time 0.0007 sec
BW_res4C Time 0.0000 sec
BW_bn4C_branch2c Time 0.0019 sec
BW_res4C_branch2c Time 0.0123 sec
BW_res4C_branch2b_relu Time 0.0003 sec
BW_bn4C_branch2b Time 0.0006 sec
BW_res4C_branch2b Time 0.0249 sec
BW_res4C_branch2a_relu Time 0.0003 sec
BW_bn4C_branch2a Time 0.0006 sec
BW_res4C_branch2a Time 0.0178 sec
BW_res4B_res4B_relu_0_split Time 0.0110 sec
BW_res4B_relu Time 0.0006 sec
BW_res4B Time 0.0000 sec
BW_bn4B_branch2c Time 0.0019 sec
BW_res4B_branch2c Time 0.0123 sec
BW_res4B_branch2b_relu Time 0.0004 sec
BW_bn4B_branch2b Time 0.0006 sec
BW_res4B_branch2b Time 0.0246 sec
BW_res4B_branch2a_relu Time 0.0004 sec
BW_bn4B_branch2a Time 0.0005 sec
BW_res4B_branch2a Time 0.0170 sec
BW_res4A_res4A_relu_0_split Time 0.0112 sec
BW_res4A_relu Time 0.0007 sec
BW_res4A Time 0.0000 sec
BW_bn4A_branch2c Time 0.0019 sec
BW_res4A_branch2c Time 0.0125 sec
BW_res4A_branch2b_relu Time 0.0003 sec
BW_bn4A_branch2b Time 0.0006 sec
BW_res4A_branch2b Time 0.0245 sec
BW_res4A_branch2a_relu Time 0.0004 sec
BW_bn4A_branch2a Time 0.0005 sec
BW_res4A_branch2a Time 0.0169 sec
BW_res4z_res4z_relu_0_split Time 0.0111 sec
BW_res4z_relu Time 0.0007 sec
BW_res4z Time 0.0000 sec
BW_bn4z_branch2c Time 0.0019 sec
BW_res4z_branch2c Time 0.0121 sec
BW_res4z_branch2b_relu Time 0.0004 sec
BW_bn4z_branch2b Time 0.0005 sec
BW_res4z_branch2b Time 0.0241 sec
BW_res4z_branch2a_relu Time 0.0004 sec
BW_bn4z_branch2a Time 0.0005 sec
BW_res4z_branch2a Time 0.0170 sec
BW_res4y_res4y_relu_0_split Time 0.0112 sec
BW_res4y_relu Time 0.0007 sec
BW_res4y Time 0.0000 sec
BW_bn4y_branch2c Time 0.0020 sec
BW_res4y_branch2c Time 0.0124 sec
BW_res4y_branch2b_relu Time 0.0004 sec
BW_bn4y_branch2b Time 0.0006 sec
BW_res4y_branch2b Time 0.0244 sec
BW_res4y_branch2a_relu Time 0.0004 sec
BW_bn4y_branch2a Time 0.0006 sec
BW_res4y_branch2a Time 0.0170 sec
BW_res4x_res4x_relu_0_split Time 0.0112 sec
BW_res4x_relu Time 0.0007 sec
BW_res4x Time 0.0000 sec
BW_bn4x_branch2c Time 0.0020 sec
BW_res4x_branch2c Time 0.0134 sec
BW_res4x_branch2b_relu Time 0.0004 sec
BW_bn4x_branch2b Time 0.0006 sec
BW_res4x_branch2b Time 0.0239 sec
BW_res4x_branch2a_relu Time 0.0004 sec
BW_bn4x_branch2a Time 0.0005 sec
BW_res4x_branch2a Time 0.0171 sec
BW_res4w_res4w_relu_0_split Time 0.0111 sec
BW_res4w_relu Time 0.0007 sec
BW_res4w Time 0.0000 sec
BW_bn4w_branch2c Time 0.0020 sec
BW_res4w_branch2c Time 0.0128 sec
BW_res4w_branch2b_relu Time 0.0004 sec
BW_bn4w_branch2b Time 0.0005 sec
BW_res4w_branch2b Time 0.0243 sec
BW_res4w_branch2a_relu Time 0.0004 sec
BW_bn4w_branch2a Time 0.0006 sec
BW_res4w_branch2a Time 0.0170 sec
BW_res4v_res4v_relu_0_split Time 0.0112 sec
BW_res4v_relu Time 0.0007 sec
BW_res4v Time 0.0000 sec
BW_bn4v_branch2c Time 0.0020 sec
BW_res4v_branch2c Time 0.0123 sec
BW_res4v_branch2b_relu Time 0.0004 sec
BW_bn4v_branch2b Time 0.0006 sec
BW_res4v_branch2b Time 0.0241 sec
BW_res4v_branch2a_relu Time 0.0004 sec
BW_bn4v_branch2a Time 0.0006 sec
BW_res4v_branch2a Time 0.0174 sec
BW_res4u_res4u_relu_0_split Time 0.0112 sec
BW_res4u_relu Time 0.0007 sec
BW_res4u Time 0.0000 sec
BW_bn4u_branch2c Time 0.0019 sec
BW_res4u_branch2c Time 0.0123 sec
BW_res4u_branch2b_relu Time 0.0003 sec
BW_bn4u_branch2b Time 0.0006 sec
BW_res4u_branch2b Time 0.0235 sec
BW_res4u_branch2a_relu Time 0.0004 sec
BW_bn4u_branch2a Time 0.0006 sec
BW_res4u_branch2a Time 0.0174 sec
BW_res4t_res4t_relu_0_split Time 0.0112 sec
BW_res4t_relu Time 0.0007 sec
BW_res4t Time 0.0000 sec
BW_bn4t_branch2c Time 0.0020 sec
BW_res4t_branch2c Time 0.0123 sec
BW_res4t_branch2b_relu Time 0.0004 sec
BW_bn4t_branch2b Time 0.0006 sec
BW_res4t_branch2b Time 0.0330 sec
BW_res4t_branch2a_relu Time 0.0004 sec
BW_bn4t_branch2a Time 0.0006 sec
BW_res4t_branch2a Time 0.0174 sec
BW_res4s_res4s_relu_0_split Time 0.0111 sec
BW_res4s_relu Time 0.0007 sec
BW_res4s Time 0.0000 sec
BW_bn4s_branch2c Time 0.0020 sec
BW_res4s_branch2c Time 0.0122 sec
BW_res4s_branch2b_relu Time 0.0004 sec
BW_bn4s_branch2b Time 0.0006 sec
BW_res4s_branch2b Time 0.0241 sec
BW_res4s_branch2a_relu Time 0.0004 sec
BW_bn4s_branch2a Time 0.0006 sec
BW_res4s_branch2a Time 0.0171 sec
BW_res4r_res4r_relu_0_split Time 0.0112 sec
BW_res4r_relu Time 0.0007 sec
BW_res4r Time 0.0000 sec
BW_bn4r_branch2c Time 0.0020 sec
BW_res4r_branch2c Time 0.0125 sec
BW_res4r_branch2b_relu Time 0.0005 sec
BW_bn4r_branch2b Time 0.0005 sec
BW_res4r_branch2b Time 0.0247 sec
BW_res4r_branch2a_relu Time 0.0004 sec
BW_bn4r_branch2a Time 0.0006 sec
BW_res4r_branch2a Time 0.0175 sec
BW_res4q_res4q_relu_0_split Time 0.0112 sec
BW_res4q_relu Time 0.0007 sec
BW_res4q Time 0.0000 sec
BW_bn4q_branch2c Time 0.0020 sec
BW_res4q_branch2c Time 0.0124 sec
BW_res4q_branch2b_relu Time 0.0004 sec
BW_bn4q_branch2b Time 0.0006 sec
BW_res4q_branch2b Time 0.0241 sec
BW_res4q_branch2a_relu Time 0.0004 sec
BW_bn4q_branch2a Time 0.0006 sec
BW_res4q_branch2a Time 0.0168 sec
BW_res4p_res4p_relu_0_split Time 0.0112 sec
BW_res4p_relu Time 0.0007 sec
BW_res4p Time 0.0000 sec
BW_bn4p_branch2c Time 0.0020 sec
BW_res4p_branch2c Time 0.0123 sec
BW_res4p_branch2b_relu Time 0.0004 sec
BW_bn4p_branch2b Time 0.0006 sec
BW_res4p_branch2b Time 0.0241 sec
BW_res4p_branch2a_relu Time 0.0004 sec
BW_bn4p_branch2a Time 0.0006 sec
BW_res4p_branch2a Time 0.0171 sec
BW_res4o_res4o_relu_0_split Time 0.0112 sec
BW_res4o_relu Time 0.0007 sec
BW_res4o Time 0.0000 sec
BW_bn4o_branch2c Time 0.0020 sec
BW_res4o_branch2c Time 0.0125 sec
BW_res4o_branch2b_relu Time 0.0004 sec
BW_bn4o_branch2b Time 0.0006 sec
BW_res4o_branch2b Time 0.0242 sec
BW_res4o_branch2a_relu Time 0.0004 sec
BW_bn4o_branch2a Time 0.0006 sec
BW_res4o_branch2a Time 0.0174 sec
BW_res4n_res4n_relu_0_split Time 0.0112 sec
BW_res4n_relu Time 0.0007 sec
BW_res4n Time 0.0000 sec
BW_bn4n_branch2c Time 0.0020 sec
BW_res4n_branch2c Time 0.0125 sec
BW_res4n_branch2b_relu Time 0.0004 sec
BW_bn4n_branch2b Time 0.0006 sec
BW_res4n_branch2b Time 0.0239 sec
BW_res4n_branch2a_relu Time 0.0004 sec
BW_bn4n_branch2a Time 0.0006 sec
BW_res4n_branch2a Time 0.0288 sec
BW_res4m_res4m_relu_0_split Time 0.0112 sec
BW_res4m_relu Time 0.0007 sec
BW_res4m Time 0.0000 sec
BW_bn4m_branch2c Time 0.0020 sec
BW_res4m_branch2c Time 0.0125 sec
BW_res4m_branch2b_relu Time 0.0004 sec
BW_bn4m_branch2b Time 0.0007 sec
BW_res4m_branch2b Time 0.0236 sec
BW_res4m_branch2a_relu Time 0.0004 sec
BW_bn4m_branch2a Time 0.0006 sec
BW_res4m_branch2a Time 0.0173 sec
BW_res4l_res4l_relu_0_split Time 0.0112 sec
BW_res4l_relu Time 0.0007 sec
BW_res4l Time 0.0000 sec
BW_bn4l_branch2c Time 0.0020 sec
BW_res4l_branch2c Time 0.0134 sec
BW_res4l_branch2b_relu Time 0.0004 sec
BW_bn4l_branch2b Time 0.0006 sec
BW_res4l_branch2b Time 0.0241 sec
BW_res4l_branch2a_relu Time 0.0004 sec
BW_bn4l_branch2a Time 0.0006 sec
BW_res4l_branch2a Time 0.0174 sec
BW_res4k_res4k_relu_0_split Time 0.0111 sec
BW_res4k_relu Time 0.0007 sec
BW_res4k Time 0.0000 sec
BW_bn4k_branch2c Time 0.0020 sec
BW_res4k_branch2c Time 0.0123 sec
BW_res4k_branch2b_relu Time 0.0004 sec
BW_bn4k_branch2b Time 0.0006 sec
BW_res4k_branch2b Time 0.0246 sec
BW_res4k_branch2a_relu Time 0.0004 sec
BW_bn4k_branch2a Time 0.0006 sec
BW_res4k_branch2a Time 0.0179 sec
BW_res4j_res4j_relu_0_split Time 0.0111 sec
BW_res4j_relu Time 0.0007 sec
BW_res4j Time 0.0000 sec
BW_bn4j_branch2c Time 0.0020 sec
BW_res4j_branch2c Time 0.0122 sec
BW_res4j_branch2b_relu Time 0.0004 sec
BW_bn4j_branch2b Time 0.0006 sec
BW_res4j_branch2b Time 0.0239 sec
BW_res4j_branch2a_relu Time 0.0004 sec
BW_bn4j_branch2a Time 0.0006 sec
BW_res4j_branch2a Time 0.0171 sec
BW_res4i_res4i_relu_0_split Time 0.0112 sec
BW_res4i_relu Time 0.0007 sec
BW_res4i Time 0.0000 sec
BW_bn4i_branch2c Time 0.0020 sec
BW_res4i_branch2c Time 0.0124 sec
BW_res4i_branch2b_relu Time 0.0004 sec
BW_bn4i_branch2b Time 0.0006 sec
BW_res4i_branch2b Time 0.0237 sec
BW_res4i_branch2a_relu Time 0.0005 sec
BW_bn4i_branch2a Time 0.0006 sec
BW_res4i_branch2a Time 0.0170 sec
BW_res4h_res4h_relu_0_split Time 0.0112 sec
BW_res4h_relu Time 0.0007 sec
BW_res4h Time 0.0000 sec
BW_bn4h_branch2c Time 0.0020 sec
BW_res4h_branch2c Time 0.0123 sec
BW_res4h_branch2b_relu Time 0.0005 sec
BW_bn4h_branch2b Time 0.0006 sec
BW_res4h_branch2b Time 0.0240 sec
BW_res4h_branch2a_relu Time 0.0004 sec
BW_bn4h_branch2a Time 0.0006 sec
BW_res4h_branch2a Time 0.0177 sec
BW_res4g_res4g_relu_0_split Time 0.0112 sec
BW_res4g_relu Time 0.0007 sec
BW_res4g Time 0.0000 sec
BW_bn4g_branch2c Time 0.0020 sec
BW_res4g_branch2c Time 0.0126 sec
BW_res4g_branch2b_relu Time 0.0004 sec
BW_bn4g_branch2b Time 0.0006 sec
BW_res4g_branch2b Time 0.0240 sec
BW_res4g_branch2a_relu Time 0.0005 sec
BW_bn4g_branch2a Time 0.0006 sec
BW_res4g_branch2a Time 0.0173 sec
BW_res4f_res4f_relu_0_split Time 0.0112 sec
BW_res4f_relu Time 0.0007 sec
BW_res4f Time 0.0000 sec
BW_bn4f_branch2c Time 0.0020 sec
BW_res4f_branch2c Time 0.0126 sec
BW_res4f_branch2b_relu Time 0.0005 sec
BW_bn4f_branch2b Time 0.0006 sec
BW_res4f_branch2b Time 0.0235 sec
BW_res4f_branch2a_relu Time 0.0005 sec
BW_bn4f_branch2a Time 0.0006 sec
BW_res4f_branch2a Time 0.0174 sec
BW_res4e_res4e_relu_0_split Time 0.0112 sec
BW_res4e_relu Time 0.0007 sec
BW_res4e Time 0.0000 sec
BW_bn4e_branch2c Time 0.0020 sec
BW_res4e_branch2c Time 0.0127 sec
BW_res4e_branch2b_relu Time 0.0004 sec
BW_bn4e_branch2b Time 0.0006 sec
BW_res4e_branch2b Time 0.0243 sec
BW_res4e_branch2a_relu Time 0.0005 sec
BW_bn4e_branch2a Time 0.0006 sec
BW_res4e_branch2a Time 0.0172 sec
BW_res4d_res4d_relu_0_split Time 0.0112 sec
BW_res4d_relu Time 0.0007 sec
BW_res4d Time 0.0000 sec
BW_bn4d_branch2c Time 0.0020 sec
BW_res4d_branch2c Time 0.0124 sec
BW_res4d_branch2b_relu Time 0.0005 sec
BW_bn4d_branch2b Time 0.0006 sec
BW_res4d_branch2b Time 0.0247 sec
BW_res4d_branch2a_relu Time 0.0004 sec
BW_bn4d_branch2a Time 0.0006 sec
BW_res4d_branch2a Time 0.0173 sec
BW_res4c_res4c_relu_0_split Time 0.0112 sec
BW_res4c_relu Time 0.0007 sec
BW_res4c Time 0.0000 sec
BW_bn4c_branch2c Time 0.0021 sec
BW_res4c_branch2c Time 0.0124 sec
BW_res4c_branch2b_relu Time 0.0005 sec
BW_bn4c_branch2b Time 0.0006 sec
BW_res4c_branch2b Time 0.0243 sec
BW_res4c_branch2a_relu Time 0.0005 sec
BW_bn4c_branch2a Time 0.0007 sec
BW_res4c_branch2a Time 0.0170 sec
BW_res4b_res4b_relu_0_split Time 0.0112 sec
BW_res4b_relu Time 0.0007 sec
BW_res4b Time 0.0000 sec
BW_bn4b_branch2c Time 0.0020 sec
BW_res4b_branch2c Time 0.0124 sec
BW_res4b_branch2b_relu Time 0.0005 sec
BW_bn4b_branch2b Time 0.0010 sec
BW_res4b_branch2b Time 0.0239 sec
BW_res4b_branch2a_relu Time 0.0005 sec
BW_bn4b_branch2a Time 0.0007 sec
BW_res4b_branch2a Time 0.0174 sec
BW_res4a_res4a_relu_0_split Time 0.0111 sec
BW_res4a_relu Time 0.0008 sec
BW_res4a Time 0.0000 sec
BW_bn4a_branch2c Time 0.0020 sec
BW_res4a_branch2c Time 0.0124 sec
BW_res4a_branch2b_relu Time 0.0010 sec
BW_bn4a_branch2b Time 0.0006 sec
BW_res4a_branch2b Time 0.0239 sec
BW_res4a_branch2a_relu Time 0.0005 sec
BW_bn4a_branch2a Time 0.0006 sec
BW_res4a_branch2a Time 0.0647 sec
BW_bn4a_branch1 Time 0.0025 sec
BW_res4a_branch1 Time 0.2237 sec
BW_res3h_res3h_relu_0_split Time 0.0217 sec
BW_res3h_relu Time 0.0014 sec
BW_res3h Time 0.0000 sec
BW_bn3h_branch2c Time 0.6890 sec
BW_res3h_branch2c Time 0.7527 sec
BW_res3h_branch2b_relu Time 0.0007 sec
BW_bn3h_branch2b Time 0.0011 sec
BW_res3h_branch2b Time 0.0116 sec
BW_res3h_branch2a_relu Time 0.0006 sec
BW_bn3h_branch2a Time 0.0010 sec
BW_res3h_branch2a Time 0.0157 sec
BW_res3g_res3g_relu_0_split Time 0.3875 sec
BW_res3g_relu Time 0.0013 sec
BW_res3g Time 0.0000 sec
BW_bn3g_branch2c Time 0.0035 sec
BW_res3g_branch2c Time 0.0068 sec
BW_res3g_branch2b_relu Time 0.0006 sec
BW_bn3g_branch2b Time 0.0010 sec
BW_res3g_branch2b Time 0.0095 sec
BW_res3g_branch2a_relu Time 0.0007 sec
BW_bn3g_branch2a Time 0.0010 sec
BW_res3g_branch2a Time 0.0148 sec
BW_res3f_res3f_relu_0_split Time 0.0221 sec
BW_res3f_relu Time 0.0013 sec
BW_res3f Time 0.0000 sec
BW_bn3f_branch2c Time 0.0035 sec
BW_res3f_branch2c Time 0.0069 sec
BW_res3f_branch2b_relu Time 0.0006 sec
BW_bn3f_branch2b Time 0.0011 sec
BW_res3f_branch2b Time 0.0096 sec
BW_res3f_branch2a_relu Time 0.0007 sec
BW_bn3f_branch2a Time 0.0010 sec
BW_res3f_branch2a Time 0.0149 sec
BW_res3e_res3e_relu_0_split Time 0.0213 sec
BW_res3e_relu Time 0.0013 sec
BW_res3e Time 0.0000 sec
BW_bn3e_branch2c Time 0.0035 sec
BW_res3e_branch2c Time 0.0069 sec
BW_res3e_branch2b_relu Time 0.0006 sec
BW_bn3e_branch2b Time 0.0011 sec
BW_res3e_branch2b Time 0.0096 sec
BW_res3e_branch2a_relu Time 0.0006 sec
BW_bn3e_branch2a Time 0.0010 sec
BW_res3e_branch2a Time 0.0149 sec
BW_res3d_res3d_relu_0_split Time 0.0213 sec
BW_res3d_relu Time 0.0013 sec
BW_res3d Time 0.0000 sec
BW_bn3d_branch2c Time 0.0035 sec
BW_res3d_branch2c Time 0.0069 sec
BW_res3d_branch2b_relu Time 0.0007 sec
BW_bn3d_branch2b Time 0.0011 sec
BW_res3d_branch2b Time 0.0096 sec
BW_res3d_branch2a_relu Time 0.0007 sec
BW_bn3d_branch2a Time 0.0010 sec
BW_res3d_branch2a Time 0.0150 sec
BW_res3c_res3c_relu_0_split Time 0.0213 sec
BW_res3c_relu Time 0.0013 sec
BW_res3c Time 0.0000 sec
BW_bn3c_branch2c Time 0.0035 sec
BW_res3c_branch2c Time 0.0071 sec
BW_res3c_branch2b_relu Time 0.0006 sec
BW_bn3c_branch2b Time 0.0011 sec
BW_res3c_branch2b Time 0.0097 sec
BW_res3c_branch2a_relu Time 0.0008 sec
BW_bn3c_branch2a Time 0.0010 sec
BW_res3c_branch2a Time 0.0147 sec
BW_res3b_res3b_relu_0_split Time 0.0213 sec
BW_res3b_relu Time 0.0013 sec
BW_res3b Time 0.0000 sec
BW_bn3b_branch2c Time 0.0035 sec
BW_res3b_branch2c Time 0.0068 sec
BW_res3b_branch2b_relu Time 0.0007 sec
BW_bn3b_branch2b Time 0.0011 sec
BW_res3b_branch2b Time 0.0098 sec
BW_res3b_branch2a_relu Time 0.0007 sec
BW_bn3b_branch2a Time 0.0010 sec
BW_res3b_branch2a Time 0.0147 sec
BW_res3a_res3a_relu_0_split Time 0.0213 sec
BW_res3a_relu Time 0.0013 sec
BW_res3a Time 0.0000 sec
BW_bn3a_branch2c Time 0.0035 sec
BW_res3a_branch2c Time 0.0069 sec
BW_res3a_branch2b_relu Time 0.0006 sec
BW_bn3a_branch2b Time 0.0010 sec
BW_res3a_branch2b Time 0.0095 sec
BW_res3a_branch2a_relu Time 0.0007 sec
BW_bn3a_branch2a Time 0.0010 sec
BW_res3a_branch2a Time 0.1153 sec
BW_bn3a_branch1 Time 0.0039 sec
BW_res3a_branch1 Time 0.4045 sec
BW_res2c_res2c_relu_0_split Time 0.0418 sec
BW_res2c_relu Time 0.0027 sec
BW_res2c Time 0.0000 sec
BW_bn2c_branch2c Time 1.4061 sec
BW_res2c_branch2c Time 1.4803 sec
BW_res2c_branch2b_relu Time 0.0011 sec
BW_bn2c_branch2b Time 0.0018 sec
BW_res2c_branch2b Time 0.0068 sec
BW_res2c_branch2a_relu Time 0.0011 sec
BW_bn2c_branch2a Time 0.0017 sec
BW_res2c_branch2a Time 0.0231 sec
BW_res2b_res2b_relu_0_split Time 0.7756 sec
BW_res2b_relu Time 0.0026 sec
BW_res2b Time 0.0000 sec
BW_bn2b_branch2c Time 0.0066 sec
BW_res2b_branch2c Time 0.0297 sec
BW_res2b_branch2b_relu Time 0.0011 sec
BW_bn2b_branch2b Time 0.0018 sec
BW_res2b_branch2b Time 0.0083 sec
BW_res2b_branch2a_relu Time 0.0012 sec
BW_bn2b_branch2a Time 0.0018 sec
BW_res2b_branch2a Time 0.0237 sec
BW_res2a_res2a_relu_0_split Time 0.0418 sec
BW_res2a_relu Time 0.0026 sec
BW_res2a Time 0.0000 sec
BW_bn2a_branch2c Time 0.0066 sec
BW_res2a_branch2c Time 0.0236 sec
BW_res2a_branch2b_relu Time 0.0011 sec
BW_bn2a_branch2b Time 0.0018 sec
BW_res2a_branch2b Time 0.0069 sec
BW_res2a_branch2a_relu Time 0.0012 sec
BW_bn2a_branch2a Time 0.0018 sec
BW_res2a_branch2a Time 0.0030 sec
BW_bn2a_branch1 Time 0.0067 sec
BW_res2a_branch1 Time 0.0073 sec
BW_pool1_pool1_0_split Time 0.0111 sec
BW_pool1 Time 0.0104 sec
BW_conv1_relu Time 0.0039 sec
BW_bn_conv1 Time 0.0065 sec
BW_conv1 Time 0.0180 sec
Total Time: 12.93 
